<?xml version="1.0" encoding="UTF-8"?>
<testng-results skipped="0" failed="0" total="1" passed="1">
  <reporter-output>
  </reporter-output>
  <suite name="Default suite" duration-ms="7839" started-at="2019-10-30T19:29:32Z" finished-at="2019-10-30T19:29:39Z">
    <groups>
    </groups>
    <test name="Default test" duration-ms="7839" started-at="2019-10-30T19:29:32Z" finished-at="2019-10-30T19:29:39Z">
      <class name="RestAssured.GetPlacesAPI">
        <test-method status="PASS" signature="getplace()[pri:0, instance:RestAssured.GetPlacesAPI@71f2a7d5]" name="getplace" duration-ms="7802" started-at="2019-10-31T00:59:32Z" finished-at="2019-10-31T00:59:39Z">
          <reporter-output>
          </reporter-output>
        </test-method> <!-- getplace -->
      </class> <!-- RestAssured.GetPlacesAPI -->
    </test> <!-- Default test -->
  </suite> <!-- Default suite -->
</testng-results>
